INFO:sim:172 - Generating IP...
Resolving generics for 'dsp'...
Applying external generics to 'dsp'...
Delivering associated files for 'dsp'...
WARNING:sim - Component clk_wiz_v3_6 does not have a valid model name for
   Verilog synthesis
Delivering EJava files for 'dsp'...
Delivered 3 files into directory
D:/project/ISE/project/SimpleOS/ipcore_dir/tmp/_cg/dsp
Delivered 1 file into directory
D:/project/ISE/project/SimpleOS/ipcore_dir/tmp/_cg/dsp
Generating ASY schematic symbol...
Loading device for application Rf_Device from file '7k160t.nph' in environment
D:\program\ISE\14.7\ISE_DS\ISE\.
INFO:sim:949 - Finished generation of ASY schematic symbol.
Generating SYM schematic symbol for 'dsp'...
Generating ISE project...
XCO file found: dsp.xco
XMDF file found: dsp_xmdf.tcl
Adding D:/project/ISE/project/SimpleOS/ipcore_dir/tmp/_cg/dsp.asy -view all
-origin_type imported
Adding D:/project/ISE/project/SimpleOS/ipcore_dir/tmp/_cg/dsp.ucf -view all
-origin_type created
Adding D:/project/ISE/project/SimpleOS/ipcore_dir/tmp/_cg/dsp.v -view all
-origin_type created
INFO:HDLCompiler:1845 - Analyzing Verilog file
   "D:/project/ISE/project/SimpleOS/ipcore_dir/tmp/_cg/dsp.v" into library work
INFO:ProjectMgmt - Parsing design hierarchy completed successfully.
Adding D:/project/ISE/project/SimpleOS/ipcore_dir/tmp/_cg/dsp.veo -view all
-origin_type imported
INFO:TclTasksC:2116 - The automatic calculation of top has been turned-off.
   Please set the new top explicitly by running the "project set top" command.
   To re-calculate the new top automatically, set the "Auto Implementation Top"
   property to true.
Top level has been set to "/dsp"
Generating README file...
Generating FLIST file...
INFO:sim:948 - Finished FLIST file generation.
Launching README viewer...
Moving files to output directory...
Finished moving files to output directory
Wrote CGP file for project 'dsp'.
