#-----------------------------------------------------------
# PlanAhead v14.7 (64-bit)
# Build 321239 by xbuild on Fri Sep 27 19:29:51 MDT 2013
# Start of session at: Mon Dec 28 13:48:29 2015
# Process ID: 11768
# Log file: D:/project/ISE/project/SimpleOS/planAhead_run_3/planAhead.log
# Journal file: D:/project/ISE/project/SimpleOS/planAhead_run_3/planAhead.jou
#-----------------------------------------------------------
INFO: [Common 17-78] Attempting to get a license: PlanAhead
INFO: [Common 17-290] Got license for PlanAhead
INFO: [Device 21-36] Loading parts and site information from D:/program/ISE/14.7/ISE_DS/PlanAhead/data/parts/arch.xml
Parsing RTL primitives file [D:/program/ISE/14.7/ISE_DS/PlanAhead/data/parts/xilinx/rtl/prims/rtl_prims.xml]
Finished parsing RTL primitives file [D:/program/ISE/14.7/ISE_DS/PlanAhead/data/parts/xilinx/rtl/prims/rtl_prims.xml]
start_gui
source D:/project/ISE/project/SimpleOS/pa.fromNetlist.tcl
# create_project -name SimpleOS -dir "D:/project/ISE/project/SimpleOS/planAhead_run_4" -part xc7k160tfbg676-3
# set_property design_mode GateLvl [get_property srcset [current_run -impl]]
# set_property edif_top_file "D:/project/ISE/project/SimpleOS/SimpleOS.ngc" [ get_property srcset [ current_run ] ]
# add_files -norecurse { {D:/project/ISE/project/SimpleOS} {ipcore_dir} }
# set_property target_constrs_file "Sword_Original.ucf" [current_fileset -constrset]
Adding file 'D:/project/ISE/project/SimpleOS/Sword_Original.ucf' to fileset 'constrs_1'
# add_files [list {Sword_Original.ucf}] -fileset [get_property constrset [current_run]]
# link_design
Design is defaulting to srcset: sources_1
Design is defaulting to constrset: constrs_1
Design is defaulting to project part: xc7k160tfbg676-3
WARNING: [Common 17-175] Failed to make directory to contain cached edif files [D:/project/ISE/project/SimpleOS/planAhead_run_4/SimpleOS.data/cache]
Release 14.7 - ngc2edif P.20131013 (nt64)
Copyright (c) 1995-2013 Xilinx, Inc.  All rights reserved.
Reading design SimpleOS.ngc ...
WARNING:NetListWriters:298 - No output is written to SimpleOS.xncf, ignored.
Processing design ...
   Preping design's networks ...
   Preping design's macros ...
WARNING:NetListWriters:306 - Signal bus n0037<4 : 0> on block SimpleOS is not
   reconstructed, because there are some missing bus signals.
WARNING:NetListWriters:306 - Signal bus U3/init_addra<19 : 0> on block SimpleOS
   is not reconstructed, because there are some missing bus signals.
WARNING:NetListWriters:306 - Signal bus U1/U12/wt_data<28 : 15> on block
   SimpleOS is not reconstructed, because there are some missing bus signals.
WARNING:NetListWriters:306 - Signal bus
   U1/U12/U2/R_addr_A[4]_register[31][31]_wide_mux_1_OUT<31 : 0> on block
   SimpleOS is not reconstructed, because there are some missing bus signals.
WARNING:NetListWriters:306 - Signal bus
   vga_dev/vga_controller/Mcount_h_count_lut<9 : 0> on block SimpleOS is not
   reconstructed, because there are some missing bus signals.
  finished :Prep
Writing EDIF netlist file SimpleOS.edif ...
ngc2edif: Total memory usage is 110016 kilobytes

Parsing EDIF File [./.Xil/PlanAhead-11768-st0rm23/ngc2edif/SimpleOS.edif]
Finished Parsing EDIF File [./.Xil/PlanAhead-11768-st0rm23/ngc2edif/SimpleOS.edif]
INFO: [Netlist 29-17] Analyzing 1629 Unisim elements for replacement
INFO: [Netlist 29-28] Unisim Transformation completed in 0 CPU seconds
WARNING: [Netlist 29-43] Netlist 'SimpleOS' is not ideal for floorplanning, since the cellview 'SimpleOS' defined in file 'SimpleOS.ngc' contains large number of primitives.  Please consider enabling hierarchy in synthesis if you want to do floorplanning.
Loading clock regions from D:/program/ISE/14.7/ISE_DS/PlanAhead/data\parts/xilinx/kintex7/kintex7/xc7k160t/ClockRegion.xml
Loading clock buffers from D:/program/ISE/14.7/ISE_DS/PlanAhead/data\parts/xilinx/kintex7/kintex7/xc7k160t/ClockBuffers.xml
Loading clock placement rules from D:/program/ISE/14.7/ISE_DS/PlanAhead/data/parts/xilinx/kintex7/ClockPlacerRules.xml
Loading package pin functions from D:/program/ISE/14.7/ISE_DS/PlanAhead/data\parts/xilinx/kintex7/PinFunctions.xml...
Loading package from D:/program/ISE/14.7/ISE_DS/PlanAhead/data\parts/xilinx/kintex7/kintex7/xc7k160t/fbg676/Package.xml
Loading io standards from D:/program/ISE/14.7/ISE_DS/PlanAhead/data\./parts/xilinx/kintex7/IOStandards.xml
Loading device configuration modes from D:/program/ISE/14.7/ISE_DS/PlanAhead/data\parts/xilinx/kintex7/ConfigModes.xml
Loading list of drcs for the architecture : D:/program/ISE/14.7/ISE_DS/PlanAhead/data\./parts/xilinx/kintex7/drc.xml
INFO: [Common 17-41] Interrupt caught. Command should exit soon.
Parsing UCF File [D:/project/ISE/project/SimpleOS/Sword_Original.ucf]
Finished Parsing UCF File [D:/project/ISE/project/SimpleOS/Sword_Original.ucf]
link_design: Time (s): elapsed = 00:00:17 . Memory (MB): peak = 759.211 ; gain = 256.965
INFO: [Common 17-344] 'link_design' was cancelled
INFO: [Common 17-344] 'source' was cancelled
exit
ERROR: [PlanAhead 12-106] *** Exception: ui.h.b: Found deleted key in HTclEventBroker. Verify if the classes listed here call cleanup()
HTclEvent: SIGNAL_MODIFY   Classes: ui.views.aR 
HTclEvent: SIGNAL_BUS_MODIFY   Classes: ui.views.aR 
HTclEvent: DEBUG_CORE_CONFIG_CHANGE   Classes: ui.views.aR 
HTclEvent: DEBUG_PORT_CONFIG_CHANGE   Classes: ui.views.aR 
 (See D:/project/ISE/project/SimpleOS\planAhead_pid11768.debug)
ERROR: [Common 17-39] 'stop_gui' failed due to earlier errors.
INFO: [Common 17-206] Exiting PlanAhead at Mon Dec 28 13:50:58 2015...
INFO: [Common 17-83] Releasing license: PlanAhead
